{"content": {"suites": {"0": {"status": {"total_pass": 0, "total_skip": 0, "total_xpass": 0, "total_xfail": 0, "total_rerun": 0, "total_fail": 3, "total_error": 0}, "tests": {"0": {"status": "FAIL", "message": "   selenium.common.exceptions.WebDriverException: Message: unknown error: net::ERR_CONNECTION_REFUSED\n     (Session info: chrome=96.0.4664.110)\n   Stacktrace:\n   Backtrace:\n   \tOrdinal0 [0x01216903+2517251]\n   \tOrdinal0 [0x011AF8E1+2095329]\n   \tOrdinal0 [0x010B2848+1058888]\n   \tOrdinal0 [0x010AF431+1045553]\n   \tOrdinal0 [0x010A54D9+1004761]\n   \tOrdinal0 [0x010A60E0+1007840]\n   \tOrdinal0 [0x010A572A+1005354]\n   \tOrdinal0 [0x010A4DDA+1002970]\n   \tOrdinal0 [0x010A3F8D+999309]\n   \tOrdinal0 [0x010A4246+1000006]\n   \tOrdinal0 [0x010B3E1A+1064474]\n   \tOrdinal0 [0x0110616D+1401197]\n   \tOrdinal0 [0x010F64D3+1336531]\n   \tOrdinal0 [0x01105BBF+1399743]\n   \tOrdinal0 [0x010F639B+1336219]\n   \tOrdinal0 [0x010D27A7+1189799]\n   \tOrdinal0 [0x010D3609+1193481]\n   \tGetHandleVerifier [0x013A5904+1577972]\n   \tGetHandleVerifier [0x01450B97+2279047]\n   \tGetHandleVerifier [0x012A6D09+534521]\n   \tGetHandleVerifier [0x012A5DB9+530601]\n   \tOrdinal0 [0x011B4FF9+2117625]\n   \tOrdinal0 [0x011B98A8+2136232]\n   \tOrdinal0 [0x011B99E2+2136546]\n   \tOrdinal0 [0x011C3541+2176321]\n   \tBaseThreadInitThunk [0x75D0FA29+25]\n   \tRtlGetAppContainerNamedObjectPath [0x77D17A9E+286]\n   \tRtlGetAppContainerNamedObjectPath [0x77D17A6E+238]\n", "test_name": "test_case_1", "rerun": "0"}, "1": {"status": "FAIL", "message": "   selenium.common.exceptions.WebDriverException: Message: unknown error: net::ERR_CONNECTION_REFUSED\n     (Session info: chrome=96.0.4664.110)\n   Stacktrace:\n   Backtrace:\n   \tOrdinal0 [0x01216903+2517251]\n   \tOrdinal0 [0x011AF8E1+2095329]\n   \tOrdinal0 [0x010B2848+1058888]\n   \tOrdinal0 [0x010AF431+1045553]\n   \tOrdinal0 [0x010A54D9+1004761]\n   \tOrdinal0 [0x010A60E0+1007840]\n   \tOrdinal0 [0x010A572A+1005354]\n   \tOrdinal0 [0x010A4DDA+1002970]\n   \tOrdinal0 [0x010A3F8D+999309]\n   \tOrdinal0 [0x010A4246+1000006]\n   \tOrdinal0 [0x010B3E1A+1064474]\n   \tOrdinal0 [0x0110616D+1401197]\n   \tOrdinal0 [0x010F64D3+1336531]\n   \tOrdinal0 [0x01105BBF+1399743]\n   \tOrdinal0 [0x010F639B+1336219]\n   \tOrdinal0 [0x010D27A7+1189799]\n   \tOrdinal0 [0x010D3609+1193481]\n   \tGetHandleVerifier [0x013A5904+1577972]\n   \tGetHandleVerifier [0x01450B97+2279047]\n   \tGetHandleVerifier [0x012A6D09+534521]\n   \tGetHandleVerifier [0x012A5DB9+530601]\n   \tOrdinal0 [0x011B4FF9+2117625]\n   \tOrdinal0 [0x011B98A8+2136232]\n   \tOrdinal0 [0x011B99E2+2136546]\n   \tOrdinal0 [0x011C3541+2176321]\n   \tBaseThreadInitThunk [0x75D0FA29+25]\n   \tRtlGetAppContainerNamedObjectPath [0x77D17A9E+286]\n   \tRtlGetAppContainerNamedObjectPath [0x77D17A6E+238]\n", "test_name": "test_case_2", "rerun": "0"}, "2": {"status": "FAIL", "message": "   selenium.common.exceptions.WebDriverException: Message: unknown error: net::ERR_CONNECTION_REFUSED\n     (Session info: chrome=96.0.4664.110)\n   Stacktrace:\n   Backtrace:\n   \tOrdinal0 [0x01216903+2517251]\n   \tOrdinal0 [0x011AF8E1+2095329]\n   \tOrdinal0 [0x010B2848+1058888]\n   \tOrdinal0 [0x010AF431+1045553]\n   \tOrdinal0 [0x010A54D9+1004761]\n   \tOrdinal0 [0x010A60E0+1007840]\n   \tOrdinal0 [0x010A572A+1005354]\n   \tOrdinal0 [0x010A4DDA+1002970]\n   \tOrdinal0 [0x010A3F8D+999309]\n   \tOrdinal0 [0x010A4246+1000006]\n   \tOrdinal0 [0x010B3E1A+1064474]\n   \tOrdinal0 [0x0110616D+1401197]\n   \tOrdinal0 [0x010F64D3+1336531]\n   \tOrdinal0 [0x01105BBF+1399743]\n   \tOrdinal0 [0x010F639B+1336219]\n   \tOrdinal0 [0x010D27A7+1189799]\n   \tOrdinal0 [0x010D3609+1193481]\n   \tGetHandleVerifier [0x013A5904+1577972]\n   \tGetHandleVerifier [0x01450B97+2279047]\n   \tGetHandleVerifier [0x012A6D09+534521]\n   \tGetHandleVerifier [0x012A5DB9+530601]\n   \tOrdinal0 [0x011B4FF9+2117625]\n   \tOrdinal0 [0x011B98A8+2136232]\n   \tOrdinal0 [0x011B99E2+2136546]\n   \tOrdinal0 [0x011C3541+2176321]\n   \tBaseThreadInitThunk [0x75D0FA29+25]\n   \tRtlGetAppContainerNamedObjectPath [0x77D17A9E+286]\n   \tRtlGetAppContainerNamedObjectPath [0x77D17A6E+238]\n", "test_name": "test_case_3", "rerun": "0"}}, "suite_name": "test_sel.py"}}}, "date": "December 19, 2021", "start_time": 1639908335.7113047, "total_suite": 1, "status": "FAIL", "status_list": {"pass": "0", "fail": "3", "skip": "0", "error": "0", "xpass": "0", "xfail": "0", "rerun": "0"}, "total_tests": "3"}