{"content": {"suites": {"0": {"status": {"total_pass": 3, "total_skip": 0, "total_xpass": 0, "total_xfail": 0, "total_rerun": 0, "total_fail": 2, "total_error": 0}, "tests": {"0": {"status": "FAIL", "message": "   selenium.common.exceptions.NoSuchElementException: Message: no such element: Unable to locate element: {\"method\":\"xpath\",\"selector\":\"/html/body/div[1]/div/p\"}\n     (Session info: chrome=96.0.4664.110)\n   Stacktrace:\n   Backtrace:\n   \tOrdinal0 [0x01216903+2517251]\n   \tOrdinal0 [0x011AF8E1+2095329]\n   \tOrdinal0 [0x010B2848+1058888]\n   \tOrdinal0 [0x010DD448+1233992]\n   \tOrdinal0 [0x010DD63B+1234491]\n   \tOrdinal0 [0x01107812+1406994]\n   \tOrdinal0 [0x010F650A+1336586]\n   \tOrdinal0 [0x01105BBF+1399743]\n   \tOrdinal0 [0x010F639B+1336219]\n   \tOrdinal0 [0x010D27A7+1189799]\n   \tOrdinal0 [0x010D3609+1193481]\n   \tGetHandleVerifier [0x013A5904+1577972]\n   \tGetHandleVerifier [0x01450B97+2279047]\n   \tGetHandleVerifier [0x012A6D09+534521]\n   \tGetHandleVerifier [0x012A5DB9+530601]\n   \tOrdinal0 [0x011B4FF9+2117625]\n   \tOrdinal0 [0x011B98A8+2136232]\n   \tOrdinal0 [0x011B99E2+2136546]\n   \tOrdinal0 [0x011C3541+2176321]\n   \tBaseThreadInitThunk [0x75D0FA29+25]\n   \tRtlGetAppContainerNamedObjectPath [0x77D17A9E+286]\n   \tRtlGetAppContainerNamedObjectPath [0x77D17A6E+238]\n", "test_name": "test_case_1", "rerun": "0"}, "1": {"status": "PASS", "message": "", "test_name": "test_case_2", "rerun": "0"}, "2": {"status": "PASS", "message": "", "test_name": "test_case_3", "rerun": "0"}, "3": {"status": "FAIL", "message": "   AssertionError: assert 'Please consu...o get stroke.' == 'Congratulati...get a stroke.'\n     - Congratulations! Based on your inputs you are not likely to get a stroke.\n     + Please consult a doctor. Based on your inputs you are likely to get stroke.\n", "test_name": "test_case_4", "rerun": "0"}, "4": {"status": "PASS", "message": "", "test_name": "test_case_5", "rerun": "0"}}, "suite_name": "test_sel.py"}}}, "date": "December 19, 2021", "start_time": 1639913374.8745737, "total_suite": 1, "status": "FAIL", "status_list": {"pass": "3", "fail": "2", "skip": "0", "error": "0", "xpass": "0", "xfail": "0", "rerun": "0"}, "total_tests": "5"}